

============================== 2022-09-13 14:09:56.708714 | 1732a99b-1dab-45e3-bbcc-c33772c331ab ==============================
14:09:56.708714 [info ] [MainThread]: Running with dbt=1.0.4
14:09:56.708714 [debug] [MainThread]: running dbt with arguments Namespace(record_timing_info=None, debug=None, log_format=None, write_json=None, use_colors=None, printer_width=None, warn_error=None, version_check=None, partial_parse=None, single_threaded=False, use_experimental_parser=None, static_parser=None, profiles_dir='C:\\Users\\223058276\\.dbt', send_anonymous_usage_stats=None, fail_fast=None, event_buffer_size=None, project_dir=None, profile=None, target=None, vars='{}', log_cache_events=False, project_name=None, skip_profile_setup=False, defer=None, state=None, cls=<class 'dbt.task.init.InitTask'>, which='init', rpc_method=None)
14:09:56.708714 [debug] [MainThread]: Tracking: tracking
14:09:56.783139 [debug] [MainThread]: Sending event: {'category': 'dbt', 'action': 'invocation', 'label': 'start', 'context': [<snowplow_tracker.self_describing_json.SelfDescribingJson object at 0x00000269AB991040>, <snowplow_tracker.self_describing_json.SelfDescribingJson object at 0x00000269AB991B80>, <snowplow_tracker.self_describing_json.SelfDescribingJson object at 0x00000269AB991520>]}
14:10:08.230718 [debug] [MainThread]: Starter project path: C:\Users\223058276\AppData\Local\Programs\Python\Python39\lib\site-packages\dbt\include\starter_project
14:10:12.440357 [info ] [MainThread]: 
Your new dbt project "Trial" was created!

For more information on how to configure the profiles.yml file,
please consult the dbt documentation here:

  https://docs.getdbt.com/docs/configure-your-profile

One more thing:

Need help? Don't hesitate to reach out to us via GitHub issues or on Slack:

  https://community.getdbt.com/

Happy modeling!

14:10:12.440357 [debug] [MainThread]: Sending event: {'category': 'dbt', 'action': 'invocation', 'label': 'end', 'context': [<snowplow_tracker.self_describing_json.SelfDescribingJson object at 0x00000269AB99A0A0>, <snowplow_tracker.self_describing_json.SelfDescribingJson object at 0x00000269AB99A460>, <snowplow_tracker.self_describing_json.SelfDescribingJson object at 0x00000269AB99A6D0>]}
14:10:12.685466 [warn ] [MainThread]: Error sending message, disabling tracking


============================== 2022-09-13 14:13:00.161365 | e0500bd3-252c-4beb-babc-3da283a56261 ==============================
14:13:00.161365 [info ] [MainThread]: Running with dbt=1.0.4
14:13:00.163130 [debug] [MainThread]: running dbt with arguments Namespace(record_timing_info=None, debug=None, log_format=None, write_json=None, use_colors=None, printer_width=None, warn_error=None, version_check=None, partial_parse=None, single_threaded=False, use_experimental_parser=None, static_parser=None, profiles_dir='C:\\Users\\223058276\\.dbt', send_anonymous_usage_stats=None, fail_fast=None, event_buffer_size=None, project_dir=None, profile=None, target=None, vars='{}', log_cache_events=False, project_name=None, skip_profile_setup=False, defer=None, state=None, cls=<class 'dbt.task.init.InitTask'>, which='init', rpc_method=None)
14:13:00.164694 [debug] [MainThread]: Tracking: tracking
14:13:00.224479 [debug] [MainThread]: Sending event: {'category': 'dbt', 'action': 'invocation', 'label': 'start', 'context': [<snowplow_tracker.self_describing_json.SelfDescribingJson object at 0x00000207CACD2670>, <snowplow_tracker.self_describing_json.SelfDescribingJson object at 0x00000207CACD2CA0>, <snowplow_tracker.self_describing_json.SelfDescribingJson object at 0x00000207CACD27C0>]}
14:13:08.387526 [info ] [MainThread]: A project called Trial already exists here.
14:13:08.388024 [debug] [MainThread]: Sending event: {'category': 'dbt', 'action': 'invocation', 'label': 'end', 'context': [<snowplow_tracker.self_describing_json.SelfDescribingJson object at 0x00000207CACDA190>, <snowplow_tracker.self_describing_json.SelfDescribingJson object at 0x00000207CACDA2E0>, <snowplow_tracker.self_describing_json.SelfDescribingJson object at 0x00000207CACDA160>]}
14:13:08.530324 [warn ] [MainThread]: Error sending message, disabling tracking


============================== 2022-09-13 14:13:30.982211 | 11e327fa-af39-4a2c-8d44-a4202948d2d8 ==============================
14:13:30.982211 [info ] [MainThread]: Running with dbt=1.0.4
14:13:30.982211 [debug] [MainThread]: running dbt with arguments Namespace(record_timing_info=None, debug=None, log_format=None, write_json=None, use_colors=None, printer_width=None, warn_error=None, version_check=None, partial_parse=None, single_threaded=False, use_experimental_parser=None, static_parser=None, profiles_dir='C:\\Users\\223058276\\.dbt', send_anonymous_usage_stats=None, fail_fast=None, event_buffer_size=None, project_dir=None, profile=None, target=None, vars='{}', log_cache_events=False, project_name=None, skip_profile_setup=False, defer=None, state=None, cls=<class 'dbt.task.init.InitTask'>, which='init', rpc_method=None)
14:13:30.982211 [debug] [MainThread]: Tracking: tracking
14:13:31.054530 [debug] [MainThread]: Sending event: {'category': 'dbt', 'action': 'invocation', 'label': 'start', 'context': [<snowplow_tracker.self_describing_json.SelfDescribingJson object at 0x00000207D2661670>, <snowplow_tracker.self_describing_json.SelfDescribingJson object at 0x00000207D2661CA0>, <snowplow_tracker.self_describing_json.SelfDescribingJson object at 0x00000207D26617C0>]}
14:13:34.542704 [debug] [MainThread]: Starter project path: C:\Users\223058276\AppData\Local\Programs\Python\Python39\lib\site-packages\dbt\include\starter_project
14:13:42.911801 [info ] [MainThread]: 
Your new dbt project "Trial" was created!

For more information on how to configure the profiles.yml file,
please consult the dbt documentation here:

  https://docs.getdbt.com/docs/configure-your-profile

One more thing:

Need help? Don't hesitate to reach out to us via GitHub issues or on Slack:

  https://community.getdbt.com/

Happy modeling!

14:13:42.911801 [debug] [MainThread]: Sending event: {'category': 'dbt', 'action': 'invocation', 'label': 'end', 'context': [<snowplow_tracker.self_describing_json.SelfDescribingJson object at 0x00000207D266A340>, <snowplow_tracker.self_describing_json.SelfDescribingJson object at 0x00000207D266A670>, <snowplow_tracker.self_describing_json.SelfDescribingJson object at 0x00000207D266A610>]}
14:13:43.053091 [warn ] [MainThread]: Error sending message, disabling tracking


============================== 2022-09-13 14:25:28.979798 | 6e528f8a-40c7-4423-af22-e4aa7924b96e ==============================
14:25:28.979798 [info ] [MainThread]: Running with dbt=1.0.4
14:25:28.979798 [debug] [MainThread]: running dbt with arguments Namespace(record_timing_info=None, debug=None, log_format=None, write_json=None, use_colors=None, printer_width=None, warn_error=None, version_check=None, partial_parse=None, single_threaded=False, use_experimental_parser=None, static_parser=None, profiles_dir='C:\\Users\\223058276\\.dbt', send_anonymous_usage_stats=None, fail_fast=None, event_buffer_size=None, project_dir=None, profile=None, target=None, vars='{}', log_cache_events=False, config_dir=False, defer=None, state=None, cls=<class 'dbt.task.debug.DebugTask'>, which='debug', rpc_method=None)
14:25:28.979798 [debug] [MainThread]: Tracking: tracking
14:25:29.042609 [debug] [MainThread]: Sending event: {'category': 'dbt', 'action': 'invocation', 'label': 'start', 'context': [<snowplow_tracker.self_describing_json.SelfDescribingJson object at 0x0000012D16C51070>, <snowplow_tracker.self_describing_json.SelfDescribingJson object at 0x0000012D16C51A90>, <snowplow_tracker.self_describing_json.SelfDescribingJson object at 0x0000012D16C51580>]}
14:25:29.118232 [debug] [MainThread]: Executing "git --help"
14:25:29.224272 [debug] [MainThread]: STDOUT: "b"usage: git [--version] [--help] [-C <path>] [-c <name>=<value>]\n           [--exec-path[=<path>]] [--html-path] [--man-path] [--info-path]\n           [-p | --paginate | -P | --no-pager] [--no-replace-objects] [--bare]\n           [--git-dir=<path>] [--work-tree=<path>] [--namespace=<name>]\n           [--super-prefix=<path>] [--config-env=<name>=<envvar>]\n           <command> [<args>]\n\nThese are common Git commands used in various situations:\n\nstart a working area (see also: git help tutorial)\n   clone     Clone a repository into a new directory\n   init      Create an empty Git repository or reinitialize an existing one\n\nwork on the current change (see also: git help everyday)\n   add       Add file contents to the index\n   mv        Move or rename a file, a directory, or a symlink\n   restore   Restore working tree files\n   rm        Remove files from the working tree and from the index\n\nexamine the history and state (see also: git help revisions)\n   bisect    Use binary search to find the commit that introduced a bug\n   diff      Show changes between commits, commit and working tree, etc\n   grep      Print lines matching a pattern\n   log       Show commit logs\n   show      Show various types of objects\n   status    Show the working tree status\n\ngrow, mark and tweak your common history\n   branch    List, create, or delete branches\n   commit    Record changes to the repository\n   merge     Join two or more development histories together\n   rebase    Reapply commits on top of another base tip\n   reset     Reset current HEAD to the specified state\n   switch    Switch branches\n   tag       Create, list, delete or verify a tag object signed with GPG\n\ncollaborate (see also: git help workflows)\n   fetch     Download objects and refs from another repository\n   pull      Fetch from and integrate with another repository or a local branch\n   push      Update remote refs along with associated objects\n\n'git help -a' and 'git help -g' list available subcommands and some\nconcept guides. See 'git help <command>' or 'git help <concept>'\nto read about a specific subcommand or concept.\nSee 'git help git' for an overview of the system.\n""
14:25:29.226297 [debug] [MainThread]: STDERR: "b''"
14:25:29.229929 [debug] [MainThread]: Sending event: {'category': 'dbt', 'action': 'invocation', 'label': 'end', 'context': [<snowplow_tracker.self_describing_json.SelfDescribingJson object at 0x0000012D16D6C340>, <snowplow_tracker.self_describing_json.SelfDescribingJson object at 0x0000012D16D6CE50>, <snowplow_tracker.self_describing_json.SelfDescribingJson object at 0x0000012D16D6CB20>]}
14:25:29.380675 [warn ] [MainThread]: Error sending message, disabling tracking
